<?xml version="1.0" encoding="UTF-8"?>
<!-- Generated by org.testng.reporters.JUnitReportReporter -->
<testsuite hostname="CPC-rusha-RDE7I" failures="0" tests="1" name="runners.RerunRunner" time="0.069" errors="1" timestamp="2023-07-25T11:51:56 IST" skipped="0">
  <testcase classname="runners.RerunRunner" name="setUpClass" time="0.069">
    <error message="Failed to parse &#039;target\reports\failedScenarios.txt&#039;" type="io.cucumber.core.exception.CucumberException">
      <![CDATA[io.cucumber.core.exception.CucumberException: Failed to parse 'target\reports\failedScenarios.txt'
at io.cucumber.core.options.OptionsFileParser.parseFeatureWithLinesFile(OptionsFileParser.java:35)
at io.cucumber.core.options.CucumberOptionsAnnotationParser.addFeatures(CucumberOptionsAnnotationParser.java:136)
at io.cucumber.core.options.CucumberOptionsAnnotationParser.parse(CucumberOptionsAnnotationParser.java:46)
at io.cucumber.testng.TestNGCucumberRunner.<init>(TestNGCucumberRunner.java:85)
at io.cucumber.testng.AbstractTestNGCucumberTests.setUpClass(AbstractTestNGCucumberTests.java:27)
at java.base/jdk.internal.reflect.NativeMethodAccessorImpl.invoke0(Native Method)
at java.base/jdk.internal.reflect.NativeMethodAccessorImpl.invoke(NativeMethodAccessorImpl.java:78)
at java.base/jdk.internal.reflect.DelegatingMethodAccessorImpl.invoke(DelegatingMethodAccessorImpl.java:43)
at java.base/java.lang.reflect.Method.invoke(Method.java:567)
at org.testng.internal.invokers.MethodInvocationHelper.invokeMethod(MethodInvocationHelper.java:139)
at org.testng.internal.invokers.MethodInvocationHelper.invokeMethodConsideringTimeout(MethodInvocationHelper.java:69)
at org.testng.internal.invokers.ConfigInvoker.invokeConfigurationMethod(ConfigInvoker.java:361)
at org.testng.internal.invokers.ConfigInvoker.invokeConfigurations(ConfigInvoker.java:296)
at org.testng.internal.invokers.TestMethodWorker.invokeBeforeClassMethods(TestMethodWorker.java:180)
at org.testng.internal.invokers.TestMethodWorker.run(TestMethodWorker.java:122)
at java.base/java.util.ArrayList.forEach(ArrayList.java:1511)
at org.testng.TestRunner.privateRun(TestRunner.java:806)
at org.testng.TestRunner.run(TestRunner.java:601)
at org.testng.SuiteRunner.runTest(SuiteRunner.java:433)
at org.testng.SuiteRunner.runSequentially(SuiteRunner.java:427)
at org.testng.SuiteRunner.privateRun(SuiteRunner.java:387)
at org.testng.SuiteRunner.run(SuiteRunner.java:330)
at org.testng.SuiteRunnerWorker.runSuite(SuiteRunnerWorker.java:52)
at org.testng.SuiteRunnerWorker.run(SuiteRunnerWorker.java:95)
at org.testng.TestNG.runSuitesSequentially(TestNG.java:1256)
at org.testng.TestNG.runSuitesLocally(TestNG.java:1176)
at org.testng.TestNG.runSuites(TestNG.java:1099)
at org.testng.TestNG.run(TestNG.java:1067)
at org.testng.remote.AbstractRemoteTestNG.run(AbstractRemoteTestNG.java:115)
at org.testng.remote.RemoteTestNG.initAndRun(RemoteTestNG.java:251)
at org.testng.remote.RemoteTestNG.main(RemoteTestNG.java:77)
Caused by: java.nio.file.NoSuchFileException: target\reports\failedScenarios.txt
at java.base/sun.nio.fs.WindowsException.translateToIOException(WindowsException.java:85)
at java.base/sun.nio.fs.WindowsException.rethrowAsIOException(WindowsException.java:103)
at java.base/sun.nio.fs.WindowsException.rethrowAsIOException(WindowsException.java:108)
at java.base/sun.nio.fs.WindowsFileSystemProvider.newByteChannel(WindowsFileSystemProvider.java:236)
at java.base/java.nio.file.Files.newByteChannel(Files.java:375)
at java.base/java.nio.file.Files.newByteChannel(Files.java:426)
at java.base/java.nio.file.spi.FileSystemProvider.newInputStream(FileSystemProvider.java:420)
at java.base/java.nio.file.Files.newInputStream(Files.java:160)
at java.base/java.nio.file.Files.newBufferedReader(Files.java:2916)
at java.base/java.nio.file.Files.readAllLines(Files.java:3396)
at java.base/java.nio.file.Files.readAllLines(Files.java:3436)
at io.cucumber.core.options.OptionsFileParser.parseFeatureWithLinesFile(OptionsFileParser.java:27)
... 30 more
]]>
    </error>
  </testcase> <!-- setUpClass -->
  <system-out/>
</testsuite> <!-- runners.RerunRunner -->
